<?xml version="1.0" encoding="UTF-8"?>
<testsuite name="FizzBuzzTest" tests="1" skipped="0" failures="0" errors="0" timestamp="2021-05-06T19:08:38" hostname="MacBook-Pro-de-Kelwin.local" time="0.013">
  <properties/>
  <testcase name="shouldReturnFizzWhenNumberIsMultipleOf3()" classname="FizzBuzzTest" time="0.013"/>
  <system-out><![CDATA[]]></system-out>
  <system-err><![CDATA[]]></system-err>
</testsuite>
